<?xml version='1.0' encoding='UTF-8'?>
<testsuite hostname="LDNSP000010" name="MatcherTests" tests="6" errors="0" failures="0" time="0.328">
                     <properties>
[...]
</properties>
                     <testcase classname="MatcherTests" name="Matcher that is passed a file matching the filter should return a list with that file name" time="0.127">
                                                 
                                               </testcase><testcase classname="MatcherTests" name="Matcher using a directory contain one file matching the filter should return a list with that file name" time="0.003">
                                                 
                                               </testcase><testcase classname="MatcherTests" name="Matcher that is not passed a root file location should use the current location" time="0.001">
                                                 
                                               </testcase><testcase classname="MatcherTests" name="Matcher with sub folder checking matching root location with two subtree files matching should return a list with those file names" time="0.001">
                                                 
                                               </testcase><testcase classname="MatcherTests" name="Matcher given a path that has one file that matches file filter and content filter should return a list with that file name" time="0.001">
                                                 
                                               </testcase><testcase classname="MatcherTests" name="Matcher has given a path that has no file that matches file filter and content filter should return an empty list" time="0.195">
                                                 
                                               </testcase>
                     <system-out></system-out>
                     <system-err></system-err>
                   </testsuite>